Loading chapters...
Loaded chuong_1.json: 50 questions (Chapter 1)
Loaded chuong_2.json: 153 questions (Chapter 2)
Loaded chuong_3.json: 150 questions (Chapter 3)

Verifying Topics...
Topic 1: "Thế giới quan và Vấn đề cơ bản của Triết học"
  Listed IDs: 50, Found IDs: 50
Topic 2: "Vật chất và Ý thức - Mối quan hệ biện chứng"
  Listed IDs: 56, Found IDs: 56
Topic 3: "Hai Nguyên lý của Phép biện chứng duy vật"
  Listed IDs: 14, Found IDs: 14
Topic 4: "Ba Quy luật cơ bản của Phép biện chứng"
  Listed IDs: 38, Found IDs: 38
Topic 5: "Các cặp phạm trù - Công cụ tư duy lý luận"
  Listed IDs: 36, Found IDs: 36
Topic 6: "Lý luận nhận thức và Vai trò của Thực tiễn"
  Listed IDs: 10, Found IDs: 10
Topic 7: "Chủ nghĩa Duy vật lịch sử - Quy luật vận động của Xã hội"
  Listed IDs: 133, Found IDs: 133
Topic 8: "Giai cấp, Dân tộc, Nhà nước và Triết học về Con người"
  Listed IDs: 17, Found IDs: 17

Verifying Videos...
